Fri Oct 13 2017 20:29:41 GMT+0300 (Jerusalem Daylight Time): GET /
Fri Oct 13 2017 20:32:31 GMT+0300 (Jerusalem Daylight Time): GET /
Fri Oct 13 2017 20:32:49 GMT+0300 (Jerusalem Daylight Time): GET /
Sat Oct 14 2017 09:12:09 GMT+0300 (Jerusalem Daylight Time): GET /
Sat Oct 14 2017 09:12:18 GMT+0300 (Jerusalem Daylight Time): GET /favicon.ico
Sat Oct 14 2017 09:14:29 GMT+0300 (Jerusalem Daylight Time): GET /
Sat Oct 14 2017 09:27:15 GMT+0300 (Jerusalem Daylight Time): GET /
Sat Oct 14 2017 09:29:19 GMT+0300 (Jerusalem Daylight Time): GET /
Sat Oct 14 2017 09:32:03 GMT+0300 (Jerusalem Daylight Time): GET /
Sat Oct 14 2017 09:39:12 GMT+0300 (Jerusalem Daylight Time): GET /
Sat Oct 14 2017 09:39:28 GMT+0300 (Jerusalem Daylight Time): GET /
Sat Oct 14 2017 09:39:58 GMT+0300 (Jerusalem Daylight Time): GET /
Sat Oct 14 2017 09:40:36 GMT+0300 (Jerusalem Daylight Time): GET /
Sat Oct 14 2017 09:43:01 GMT+0300 (Jerusalem Daylight Time): GET /
Sat Oct 14 2017 09:43:39 GMT+0300 (Jerusalem Daylight Time): GET /
Sat Oct 14 2017 09:45:03 GMT+0300 (Jerusalem Daylight Time): GET /
Sat Oct 14 2017 09:46:04 GMT+0300 (Jerusalem Daylight Time): GET /
Sat Oct 14 2017 09:49:53 GMT+0300 (Jerusalem Daylight Time): GET /
Sat Oct 14 2017 09:50:21 GMT+0300 (Jerusalem Daylight Time): GET /
Sat Oct 14 2017 09:51:59 GMT+0300 (Jerusalem Daylight Time): GET /
Sat Oct 14 2017 09:52:47 GMT+0300 (Jerusalem Daylight Time): GET /
Sat Oct 14 2017 09:56:03 GMT+0300 (Jerusalem Daylight Time): GET /
Sat Oct 14 2017 10:00:57 GMT+0300 (Jerusalem Daylight Time): GET /heatmap/amsterdam
Sat Oct 14 2017 10:01:21 GMT+0300 (Jerusalem Daylight Time): GET /heatmap?city=amsterdam
Sat Oct 14 2017 10:01:34 GMT+0300 (Jerusalem Daylight Time): GET /heatmap?city=amsterdam
Sat Oct 14 2017 10:01:41 GMT+0300 (Jerusalem Daylight Time): GET /heatmap
Sat Oct 14 2017 10:03:25 GMT+0300 (Jerusalem Daylight Time): GET /heatmap/amsterdam
Sat Oct 14 2017 10:09:40 GMT+0300 (Jerusalem Daylight Time): GET /heatmap/amsterdam
Sat Oct 14 2017 10:09:49 GMT+0300 (Jerusalem Daylight Time): GET /heatmap/tel%20aviv
Sat Oct 14 2017 10:39:56 GMT+0300 (Jerusalem Daylight Time): GET /heatmap/tel%20aviv
Sat Oct 14 2017 10:46:43 GMT+0300 (Jerusalem Daylight Time): GET /heatmap/tel%20aviv
Sat Oct 14 2017 10:47:41 GMT+0300 (Jerusalem Daylight Time): GET /heatmap/tel%20aviv
Sat Oct 14 2017 10:47:45 GMT+0300 (Jerusalem Daylight Time): GET /heatmap/tel%20aviv
Sat Oct 14 2017 10:48:48 GMT+0300 (Jerusalem Daylight Time): GET /heatmap/tel%20aviv
Sat Oct 14 2017 10:49:13 GMT+0300 (Jerusalem Daylight Time): GET /heatmap/tel%20aviv
Sat Oct 14 2017 10:49:30 GMT+0300 (Jerusalem Daylight Time): GET /heatmap/tel%20aviv
Sat Oct 14 2017 10:53:21 GMT+0300 (Jerusalem Daylight Time): GET /heatmap/tel%20aviv
Sat Oct 14 2017 10:54:01 GMT+0300 (Jerusalem Daylight Time): GET /heatmap/tel%20aviv
Sat Oct 14 2017 10:55:09 GMT+0300 (Jerusalem Daylight Time): GET /heatmap/tel%20aviv
Sat Oct 14 2017 11:05:55 GMT+0300 (Jerusalem Daylight Time): GET /heatmap/tel%20aviv
Sat Oct 14 2017 11:06:24 GMT+0300 (Jerusalem Daylight Time): GET /heatmap/tel%20aviv
Sat Oct 14 2017 11:27:45 GMT+0300 (Jerusalem Daylight Time): GET /heatmap/tel%20aviv
Sat Oct 14 2017 11:28:56 GMT+0300 (Jerusalem Daylight Time): GET /heatmap/tel%20aviv
Sat Oct 14 2017 11:31:19 GMT+0300 (Jerusalem Daylight Time): GET /heatmap/tel%20aviv
Sat Oct 14 2017 11:33:52 GMT+0300 (Jerusalem Daylight Time): GET /heatmap/tel%20aviv
Sat Oct 14 2017 11:34:18 GMT+0300 (Jerusalem Daylight Time): GET /heatmap/tel%20aviv
Sat Oct 14 2017 11:35:01 GMT+0300 (Jerusalem Daylight Time): GET /heatmap/tel%20aviv
Sat Oct 14 2017 11:36:17 GMT+0300 (Jerusalem Daylight Time): GET /heatmap/tel%20aviv
Sat Oct 14 2017 11:37:27 GMT+0300 (Jerusalem Daylight Time): GET /heatmap/tel%20aviv
Sat Oct 14 2017 11:37:58 GMT+0300 (Jerusalem Daylight Time): GET /heatmap/tel%20aviv
Sat Oct 14 2017 11:39:17 GMT+0300 (Jerusalem Daylight Time): GET /heatmap/tel%20aviv
Sat Oct 14 2017 11:42:36 GMT+0300 (Jerusalem Daylight Time): GET /heatmap/tel%20aviv
Sat Oct 14 2017 11:43:03 GMT+0300 (Jerusalem Daylight Time): GET /heatmap/tel%20aviv
Sat Oct 14 2017 11:47:38 GMT+0300 (Jerusalem Daylight Time): GET /heatmap/tel%20aviv
Sat Oct 14 2017 11:48:37 GMT+0300 (Jerusalem Daylight Time): GET /heatmap/tel%20aviv
Sat Oct 14 2017 11:49:15 GMT+0300 (Jerusalem Daylight Time): GET /heatmap/tel%20aviv
Sat Oct 14 2017 11:50:48 GMT+0300 (Jerusalem Daylight Time): GET /heatmap/tel%20aviv
Sat Oct 14 2017 11:53:40 GMT+0300 (Jerusalem Daylight Time): GET /heatmap/tel%20aviv
Sat Oct 14 2017 11:55:18 GMT+0300 (Jerusalem Daylight Time): GET /heatmap/tel%20aviv
Sat Oct 14 2017 11:57:03 GMT+0300 (Jerusalem Daylight Time): GET /heatmap/tel%20aviv
Sat Oct 14 2017 11:58:48 GMT+0300 (Jerusalem Daylight Time): GET /heatmap/tel%20aviv
Sat Oct 14 2017 12:00:59 GMT+0300 (Jerusalem Daylight Time): GET /heatmap/tel%20aviv
Sat Oct 14 2017 12:02:59 GMT+0300 (Jerusalem Daylight Time): GET /heatmap/tel%20aviv
Sat Oct 14 2017 12:03:38 GMT+0300 (Jerusalem Daylight Time): GET /heatmap/tel%20aviv
Sat Oct 14 2017 12:12:15 GMT+0300 (Jerusalem Daylight Time): GET /heatmap/tel%20aviv
Sat Oct 14 2017 12:18:41 GMT+0300 (Jerusalem Daylight Time): GET /heatmap/tel%20aviv
Sat Oct 14 2017 12:51:27 GMT+0300 (Jerusalem Daylight Time): GET /script.js
Sat Oct 14 2017 12:52:04 GMT+0300 (Jerusalem Daylight Time): GET /script.js
Sat Oct 14 2017 12:59:46 GMT+0300 (Jerusalem Daylight Time): GET /heatmap/amsterdam
Sat Oct 14 2017 14:36:09 GMT+0300 (Jerusalem Daylight Time): GET /Amsterdam.heat
Sat Oct 14 2017 14:37:09 GMT+0300 (Jerusalem Daylight Time): GET /Amsterdam.json
Sat Oct 14 2017 14:37:32 GMT+0300 (Jerusalem Daylight Time): GET /Amsterdam.json
Sat Oct 14 2017 14:46:34 GMT+0300 (Jerusalem Daylight Time): GET /files/Amsterdam.heat
Sat Oct 14 2017 14:48:29 GMT+0300 (Jerusalem Daylight Time): GET /files/Amsterdam.heat
Sat Oct 14 2017 14:51:06 GMT+0300 (Jerusalem Daylight Time): GET /files/Amsterdam.heat
Sat Oct 14 2017 14:52:00 GMT+0300 (Jerusalem Daylight Time): GET /files/Amsterdam.heat
Sat Oct 14 2017 14:52:49 GMT+0300 (Jerusalem Daylight Time): GET /files/Amsterdam.heat
Sat Oct 14 2017 14:56:14 GMT+0300 (Jerusalem Daylight Time): GET /files/Amsterdam.heat
Sat Oct 14 2017 14:57:02 GMT+0300 (Jerusalem Daylight Time): GET /files/Amsterdam.heat
Sat Oct 14 2017 14:58:03 GMT+0300 (Jerusalem Daylight Time): GET /files/Amsterdam.heat
Sat Oct 14 2017 14:59:21 GMT+0300 (Jerusalem Daylight Time): GET /files/Amsterdam.heat
Sat Oct 14 2017 14:59:36 GMT+0300 (Jerusalem Daylight Time): GET /files/Amsterdam.heat
Sat Oct 14 2017 15:18:06 GMT+0300 (Jerusalem Daylight Time): GET /files/Amsterdam.heat
Sat Oct 14 2017 15:18:51 GMT+0300 (Jerusalem Daylight Time): GET /files/Amsterdam.heat
Sat Oct 14 2017 15:23:35 GMT+0300 (Jerusalem Daylight Time): GET /createmap/Amsterdam
Sat Oct 14 2017 15:23:52 GMT+0300 (Jerusalem Daylight Time): GET /createheatmap/Amsterdam
Sat Oct 14 2017 15:24:27 GMT+0300 (Jerusalem Daylight Time): GET /createheatmap/Amsterdam
Sat Oct 14 2017 15:38:31 GMT+0300 (Jerusalem Daylight Time): GET /createheatmap/Amsterdam
Sat Oct 14 2017 15:50:14 GMT+0300 (Jerusalem Daylight Time): GET /files/Amsterdam.heat
Sat Oct 14 2017 15:50:25 GMT+0300 (Jerusalem Daylight Time): GET /files/Amsterdam.heat
Sat Oct 14 2017 15:53:30 GMT+0300 (Jerusalem Daylight Time): GET /createheatmap/Amsterdam
Sat Oct 14 2017 16:01:48 GMT+0300 (Jerusalem Daylight Time): GET /files/Amsterdam.heat
Sat Oct 14 2017 16:13:00 GMT+0300 (Jerusalem Daylight Time): GET /createheatmap/Tel%20Aviv
Sat Oct 14 2017 16:16:37 GMT+0300 (Jerusalem Daylight Time): GET /createheatmap/Tel%20Aviv
Sat Oct 14 2017 16:17:12 GMT+0300 (Jerusalem Daylight Time): GET /createheatmap/Tel%20Aviv
